Rc_removectrl_v1/build/Qt_6_9_3_Clang_arm64_v8a-android_release/android-build/build/outputs/logs/manifest-merger-release-report.txt
-- Merging decision tree log ---
provider#androidx.core.content.FileProvider
INJECTED from Qt_6_9_3_Clang_arm64_v8a-android_release\android-build\AndroidManifest.xml:47:9-55:20
	android:grantUriPermissions
		ADDED from Qt_6_9_3_Clang_arm64_v8a-android_release\android-build\AndroidManifest.xml:51:13-47
	android:authorities
		INJECTED from Qt_6_9_3_Clang_arm64_v8a-android_release\android-build\AndroidManifest.xml
		ADDED from Qt_6_9_3_Clang_arm64_v8a-android_release\android-build\AndroidManifest.xml:49:13-62
	android:exported
		ADDED from Qt_6_9_3_Clang_arm64_v8a-android_release\android-build\AndroidManifest.xml:50:13-37
	android:name
		ADDED from Qt_6_9_3_Clang_arm64_v8a-android_release\android-build\AndroidManifest.xml:48:13-62
manifest
ADDED from Qt_6_9_3_Clang_arm64_v8a-android_release\android-build\AndroidManifest.xml:2:1-57:12
INJECTED from Qt_6_9_3_Clang_arm64_v8a-android_release\android-build\AndroidManifest.xml:2:1-57:12
INJECTED from Qt_6_9_3_Clang_arm64_v8a-android_release\android-build\AndroidManifest.xml:2:1-57:12
INJECTED from Qt_6_9_3_Clang_arm64_v8a-android_release\android-build\AndroidManifest.xml:2:1-57:12
MERGED from [androidx.core:core:1.16.0] AndroidManifest.xml:17:1-30:12
MERGED from [androidx.interpolator:interpolator:1.0.0] AndroidManifest.xml:17:1-22:12
MERGED from [androidx.lifecycle:lifecycle-runtime:2.6.2] AndroidManifest.xml:2:1-7:12
MERGED from [androidx.profileinstaller:profileinstaller:1.3.0] AndroidManifest.xml:17:1-55:12
MERGED from [androidx.startup:startup-runtime:1.1.1] AndroidManifest.xml:17:1-33:12
MERGED from [androidx.tracing:tracing:1.2.0] AndroidManifest.xml:17:1-22:12
MERGED from [androidx.versionedparcelable:versionedparcelable:1.1.1] AndroidManifest.xml:17:1-27:12
MERGED from [androidx.arch.core:core-runtime:2.2.0] AndroidManifest.xml:17:1-22:12
MERGED from [androidx.annotation:annotation-experimental:1.4.1] AndroidManifest.xml:2:1-7:12
MERGED from [androidx.core:core-viewtree:1.0.0] AndroidManifest.xml:2:1-7:12
	package
		ADDED from Qt_6_9_3_Clang_arm64_v8a-android_release\android-build\AndroidManifest.xml:3:5-53
		INJECTED from Qt_6_9_3_Clang_arm64_v8a-android_release\android-build\AndroidManifest.xml
	android:versionName
		ADDED from Qt_6_9_3_Clang_arm64_v8a-android_release\android-build\AndroidManifest.xml:6:5-30
		INJECTED from Qt_6_9_3_Clang_arm64_v8a-android_release\android-build\AndroidManifest.xml
	xmlns:android
		ADDED from Qt_6_9_3_Clang_arm64_v8a-android_release\android-build\AndroidManifest.xml:2:11-69
	android:versionCode
		ADDED from Qt_6_9_3_Clang_arm64_v8a-android_release\android-build\AndroidManifest.xml:5:5-28
		INJECTED from Qt_6_9_3_Clang_arm64_v8a-android_release\android-build\AndroidManifest.xml
	android:installLocation
		ADDED from Qt_6_9_3_Clang_arm64_v8a-android_release\android-build\AndroidManifest.xml:4:5-35
uses-permission#android.permission.WRITE_EXTERNAL_STORAGE
ADDED from Qt_6_9_3_Clang_arm64_v8a-android_release\android-build\AndroidManifest.xml:7:5-82
	android:name
		ADDED from Qt_6_9_3_Clang_arm64_v8a-android_release\android-build\AndroidManifest.xml:7:22-78
uses-permission#android.permission.ACCESS_NETWORK_STATE
ADDED from Qt_6_9_3_Clang_arm64_v8a-android_release\android-build\AndroidManifest.xml:8:5-78
	android:name
		ADDED from Qt_6_9_3_Clang_arm64_v8a-android_release\android-build\AndroidManifest.xml:8:22-76
uses-permission#android.permission.ACCESS_WIFI_STATE
ADDED from Qt_6_9_3_Clang_arm64_v8a-android_release\android-build\AndroidManifest.xml:9:5-75
	android:name
		ADDED from Qt_6_9_3_Clang_arm64_v8a-android_release\android-build\AndroidManifest.xml:9:22-73
uses-permission#android.permission.ACCESS_FINE_LOCATION
ADDED from Qt_6_9_3_Clang_arm64_v8a-android_release\android-build\AndroidManifest.xml:10:5-78
	android:name
		ADDED from Qt_6_9_3_Clang_arm64_v8a-android_release\android-build\AndroidManifest.xml:10:22-76
uses-permission#android.permission.INTERNET
ADDED from Qt_6_9_3_Clang_arm64_v8a-android_release\android-build\AndroidManifest.xml:11:5-67
	android:name
		ADDED from Qt_6_9_3_Clang_arm64_v8a-android_release\android-build\AndroidManifest.xml:11:22-64
uses-permission#android.permission.ACCESS_COARSE_LOCATION
ADDED from Qt_6_9_3_Clang_arm64_v8a-android_release\android-build\AndroidManifest.xml:12:5-81
	android:name
		ADDED from Qt_6_9_3_Clang_arm64_v8a-android_release\android-build\AndroidManifest.xml:12:22-78
supports-screens
ADDED from Qt_6_9_3_Clang_arm64_v8a-android_release\android-build\AndroidManifest.xml:13:5-17:39
	android:largeScreens
		ADDED from Qt_6_9_3_Clang_arm64_v8a-android_release\android-build\AndroidManifest.xml:15:9-36
	android:smallScreens
		ADDED from Qt_6_9_3_Clang_arm64_v8a-android_release\android-build\AndroidManifest.xml:17:9-36
	android:normalScreens
		ADDED from Qt_6_9_3_Clang_arm64_v8a-android_release\android-build\AndroidManifest.xml:16:9-37
	android:anyDensity
		ADDED from Qt_6_9_3_Clang_arm64_v8a-android_release\android-build\AndroidManifest.xml:14:9-34
application
ADDED from Qt_6_9_3_Clang_arm64_v8a-android_release\android-build\AndroidManifest.xml:18:5-56:19
INJECTED from Qt_6_9_3_Clang_arm64_v8a-android_release\android-build\AndroidManifest.xml:18:5-56:19
MERGED from [androidx.core:core:1.16.0] AndroidManifest.xml:28:5-89
MERGED from [androidx.core:core:1.16.0] AndroidManifest.xml:28:5-89
MERGED from [androidx.profileinstaller:profileinstaller:1.3.0] AndroidManifest.xml:23:5-53:19
MERGED from [androidx.profileinstaller:profileinstaller:1.3.0] AndroidManifest.xml:23:5-53:19
MERGED from [androidx.startup:startup-runtime:1.1.1] AndroidManifest.xml:25:5-31:19
MERGED from [androidx.startup:startup-runtime:1.1.1] AndroidManifest.xml:25:5-31:19
MERGED from [androidx.versionedparcelable:versionedparcelable:1.1.1] AndroidManifest.xml:24:5-25:19
MERGED from [androidx.versionedparcelable:versionedparcelable:1.1.1] AndroidManifest.xml:24:5-25:19
	android:extractNativeLibs
		INJECTED from Qt_6_9_3_Clang_arm64_v8a-android_release\android-build\AndroidManifest.xml
	android:requestLegacyExternalStorage
		ADDED from Qt_6_9_3_Clang_arm64_v8a-android_release\android-build\AndroidManifest.xml:22:9-52
	android:appComponentFactory
		ADDED from [androidx.core:core:1.16.0] AndroidManifest.xml:28:18-86
	android:label
		ADDED from Qt_6_9_3_Clang_arm64_v8a-android_release\android-build\AndroidManifest.xml:21:9-41
	android:hardwareAccelerated
		ADDED from Qt_6_9_3_Clang_arm64_v8a-android_release\android-build\AndroidManifest.xml:20:9-43
	android:allowBackup
		ADDED from Qt_6_9_3_Clang_arm64_v8a-android_release\android-build\AndroidManifest.xml:23:9-35
	android:fullBackupOnly
		ADDED from Qt_6_9_3_Clang_arm64_v8a-android_release\android-build\AndroidManifest.xml:24:9-39
	android:name
		ADDED from Qt_6_9_3_Clang_arm64_v8a-android_release\android-build\AndroidManifest.xml:19:9-71
activity#org.qtproject.qt.android.bindings.QtActivity
ADDED from Qt_6_9_3_Clang_arm64_v8a-android_release\android-build\AndroidManifest.xml:25:9-45:20
	android:screenOrientation
		ADDED from Qt_6_9_3_Clang_arm64_v8a-android_release\android-build\AndroidManifest.xml:30:13-50
	android:label
		ADDED from Qt_6_9_3_Clang_arm64_v8a-android_release\android-build\AndroidManifest.xml:28:13-45
	android:launchMode
		ADDED from Qt_6_9_3_Clang_arm64_v8a-android_release\android-build\AndroidManifest.xml:29:13-43
	android:exported
		ADDED from Qt_6_9_3_Clang_arm64_v8a-android_release\android-build\AndroidManifest.xml:32:13-36
	android:configChanges
		ADDED from Qt_6_9_3_Clang_arm64_v8a-android_release\android-build\AndroidManifest.xml:27:13-182
	android:theme
		ADDED from Qt_6_9_3_Clang_arm64_v8a-android_release\android-build\AndroidManifest.xml:31:13-71
	android:name
		ADDED from Qt_6_9_3_Clang_arm64_v8a-android_release\android-build\AndroidManifest.xml:26:13-72
intent-filter#action:name:android.intent.action.MAIN+category:name:android.intent.category.LAUNCHER
ADDED from Qt_6_9_3_Clang_arm64_v8a-android_release\android-build\AndroidManifest.xml:33:13-36:29
action#android.intent.action.MAIN
ADDED from Qt_6_9_3_Clang_arm64_v8a-android_release\android-build\AndroidManifest.xml:34:17-69
	android:name
		ADDED from Qt_6_9_3_Clang_arm64_v8a-android_release\android-build\AndroidManifest.xml:34:25-66
category#android.intent.category.LAUNCHER
ADDED from Qt_6_9_3_Clang_arm64_v8a-android_release\android-build\AndroidManifest.xml:35:17-77
	android:name
		ADDED from Qt_6_9_3_Clang_arm64_v8a-android_release\android-build\AndroidManifest.xml:35:27-74
meta-data#android.app.lib_name
ADDED from Qt_6_9_3_Clang_arm64_v8a-android_release\android-build\AndroidManifest.xml:38:11-40:52
	android:value
		ADDED from Qt_6_9_3_Clang_arm64_v8a-android_release\android-build\AndroidManifest.xml:40:17-49
	android:name
		ADDED from Qt_6_9_3_Clang_arm64_v8a-android_release\android-build\AndroidManifest.xml:39:17-52
meta-data#android.app.arguments
ADDED from Qt_6_9_3_Clang_arm64_v8a-android_release\android-build\AndroidManifest.xml:42:11-44:36
	android:value
		ADDED from Qt_6_9_3_Clang_arm64_v8a-android_release\android-build\AndroidManifest.xml:44:17-33
	android:name
		ADDED from Qt_6_9_3_Clang_arm64_v8a-android_release\android-build\AndroidManifest.xml:43:17-53
meta-data#android.support.FILE_PROVIDER_PATHS
ADDED from Qt_6_9_3_Clang_arm64_v8a-android_release\android-build\AndroidManifest.xml:52:13-54:59
	android:resource
		ADDED from Qt_6_9_3_Clang_arm64_v8a-android_release\android-build\AndroidManifest.xml:54:17-57
	android:name
		ADDED from Qt_6_9_3_Clang_arm64_v8a-android_release\android-build\AndroidManifest.xml:53:17-67
uses-sdk
INJECTED from Qt_6_9_3_Clang_arm64_v8a-android_release\android-build\AndroidManifest.xml reason: use-sdk injection requested
INJECTED from Qt_6_9_3_Clang_arm64_v8a-android_release\android-build\AndroidManifest.xml
INJECTED from Qt_6_9_3_Clang_arm64_v8a-android_release\android-build\AndroidManifest.xml
MERGED from [androidx.core:core:1.16.0] AndroidManifest.xml:20:5-44
MERGED from [androidx.core:core:1.16.0] AndroidManifest.xml:20:5-44
MERGED from [androidx.interpolator:interpolator:1.0.0] AndroidManifest.xml:20:5-44
MERGED from [androidx.interpolator:interpolator:1.0.0] AndroidManifest.xml:20:5-44
MERGED from [androidx.lifecycle:lifecycle-runtime:2.6.2] AndroidManifest.xml:5:5-44
MERGED from [androidx.lifecycle:lifecycle-runtime:2.6.2] AndroidManifest.xml:5:5-44
MERGED from [androidx.profileinstaller:profileinstaller:1.3.0] AndroidManifest.xml:21:5-44
MERGED from [androidx.profileinstaller:profileinstaller:1.3.0] AndroidManifest.xml:21:5-44
MERGED from [androidx.startup:startup-runtime:1.1.1] AndroidManifest.xml:21:5-23:41
MERGED from [androidx.startup:startup-runtime:1.1.1] AndroidManifest.xml:21:5-23:41
MERGED from [androidx.tracing:tracing:1.2.0] AndroidManifest.xml:20:5-44
MERGED from [androidx.tracing:tracing:1.2.0] AndroidManifest.xml:20:5-44
MERGED from [androidx.versionedparcelable:versionedparcelable:1.1.1] AndroidManifest.xml:20:5-22:41
MERGED from [androidx.versionedparcelable:versionedparcelable:1.1.1] AndroidManifest.xml:20:5-22:41
MERGED from [androidx.arch.core:core-runtime:2.2.0] AndroidManifest.xml:20:5-44
MERGED from [androidx.arch.core:core-runtime:2.2.0] AndroidManifest.xml:20:5-44
MERGED from [androidx.annotation:annotation-experimental:1.4.1] AndroidManifest.xml:5:5-44
MERGED from [androidx.annotation:annotation-experimental:1.4.1] AndroidManifest.xml:5:5-44
MERGED from [androidx.core:core-viewtree:1.0.0] AndroidManifest.xml:5:5-44
MERGED from [androidx.core:core-viewtree:1.0.0] AndroidManifest.xml:5:5-44
	android:targetSdkVersion
		INJECTED from Qt_6_9_3_Clang_arm64_v8a-android_release\android-build\AndroidManifest.xml
	android:minSdkVersion
		INJECTED from Qt_6_9_3_Clang_arm64_v8a-android_release\android-build\AndroidManifest.xml
permission#${applicationId}.DYNAMIC_RECEIVER_NOT_EXPORTED_PERMISSION
ADDED from [androidx.core:core:1.16.0] AndroidManifest.xml:22:5-24:47
	android:protectionLevel
		ADDED from [androidx.core:core:1.16.0] AndroidManifest.xml:24:9-44
	android:name
		ADDED from [androidx.core:core:1.16.0] AndroidManifest.xml:23:9-81
permission#org.qtproject.example.Rc_removectrl_v1.DYNAMIC_RECEIVER_NOT_EXPORTED_PERMISSION
ADDED from [androidx.core:core:1.16.0] AndroidManifest.xml:22:5-24:47
	android:protectionLevel
		ADDED from [androidx.core:core:1.16.0] AndroidManifest.xml:24:9-44
	android:name
		ADDED from [androidx.core:core:1.16.0] AndroidManifest.xml:23:9-81
uses-permission#${applicationId}.DYNAMIC_RECEIVER_NOT_EXPORTED_PERMISSION
ADDED from [androidx.core:core:1.16.0] AndroidManifest.xml:26:5-97
	android:name
		ADDED from [androidx.core:core:1.16.0] AndroidManifest.xml:26:22-94
uses-permission#org.qtproject.example.Rc_removectrl_v1.DYNAMIC_RECEIVER_NOT_EXPORTED_PERMISSION
ADDED from [androidx.core:core:1.16.0] AndroidManifest.xml:26:5-97
	android:name
		ADDED from [androidx.core:core:1.16.0] AndroidManifest.xml:26:22-94
provider#androidx.startup.InitializationProvider
ADDED from [androidx.profileinstaller:profileinstaller:1.3.0] AndroidManifest.xml:24:9-32:20
MERGED from [androidx.startup:startup-runtime:1.1.1] AndroidManifest.xml:26:9-30:34
MERGED from [androidx.startup:startup-runtime:1.1.1] AndroidManifest.xml:26:9-30:34
	tools:node
		ADDED from [androidx.profileinstaller:profileinstaller:1.3.0] AndroidManifest.xml:28:13-31
	android:authorities
		ADDED from [androidx.profileinstaller:profileinstaller:1.3.0] AndroidManifest.xml:26:13-68
	android:exported
		ADDED from [androidx.profileinstaller:profileinstaller:1.3.0] AndroidManifest.xml:27:13-37
	android:name
		ADDED from [androidx.profileinstaller:profileinstaller:1.3.0] AndroidManifest.xml:25:13-67
meta-data#androidx.profileinstaller.ProfileInstallerInitializer
ADDED from [androidx.profileinstaller:profileinstaller:1.3.0] AndroidManifest.xml:29:13-31:52
	android:value
		ADDED from [androidx.profileinstaller:profileinstaller:1.3.0] AndroidManifest.xml:31:17-49
	android:name
		ADDED from [androidx.profileinstaller:profileinstaller:1.3.0] AndroidManifest.xml:30:17-85
receiver#androidx.profileinstaller.ProfileInstallReceiver
ADDED from [androidx.profileinstaller:profileinstaller:1.3.0] AndroidManifest.xml:34:9-52:20
	android:enabled
		ADDED from [androidx.profileinstaller:profileinstaller:1.3.0] AndroidManifest.xml:37:13-35
	android:exported
		ADDED from [androidx.profileinstaller:profileinstaller:1.3.0] AndroidManifest.xml:38:13-36
	android:permission
		ADDED from [androidx.profileinstaller:profileinstaller:1.3.0] AndroidManifest.xml:39:13-57
	android:directBootAware
		ADDED from [androidx.profileinstaller:profileinstaller:1.3.0] AndroidManifest.xml:36:13-44
	android:name
		ADDED from [androidx.profileinstaller:profileinstaller:1.3.0] AndroidManifest.xml:35:13-76
intent-filter#action:name:androidx.profileinstaller.action.INSTALL_PROFILE
ADDED from [androidx.profileinstaller:profileinstaller:1.3.0] AndroidManifest.xml:40:13-42:29
action#androidx.profileinstaller.action.INSTALL_PROFILE
ADDED from [androidx.profileinstaller:profileinstaller:1.3.0] AndroidManifest.xml:41:17-91
	android:name
		ADDED from [androidx.profileinstaller:profileinstaller:1.3.0] AndroidManifest.xml:41:25-88
intent-filter#action:name:androidx.profileinstaller.action.SKIP_FILE
ADDED from [androidx.profileinstaller:profileinstaller:1.3.0] AndroidManifest.xml:43:13-45:29
action#androidx.profileinstaller.action.SKIP_FILE
ADDED from [androidx.profileinstaller:profileinstaller:1.3.0] AndroidManifest.xml:44:17-85
	android:name
		ADDED from [androidx.profileinstaller:profileinstaller:1.3.0] AndroidManifest.xml:44:25-82
intent-filter#action:name:androidx.profileinstaller.action.SAVE_PROFILE
ADDED from [androidx.profileinstaller:profileinstaller:1.3.0] AndroidManifest.xml:46:13-48:29
action#androidx.profileinstaller.action.SAVE_PROFILE
ADDED from [androidx.profileinstaller:profileinstaller:1.3.0] AndroidManifest.xml:47:17-88
	android:name
		ADDED from [androidx.profileinstaller:profileinstaller:1.3.0] AndroidManifest.xml:47:25-85
intent-filter#action:name:androidx.profileinstaller.action.BENCHMARK_OPERATION
ADDED from [androidx.profileinstaller:profileinstaller:1.3.0] AndroidManifest.xml:49:13-51:29
action#androidx.profileinstaller.action.BENCHMARK_OPERATION
ADDED from [androidx.profileinstaller:profileinstaller:1.3.0] AndroidManifest.xml:50:17-95
	android:name
		ADDED from [androidx.profileinstaller:profileinstaller:1.3.0] AndroidManifest.xml:50:25-92